(17, 19), 506.264566332	
(18, 18), 504.32497077	
(18, 29), 496.057051254	
(19, 17), 498.62035046	
(19, 28), 500.718791064	
(19, 39), 495.739209191	
(28, 19), 512.939767461	
(29, 18), 498.858355109	
(29, 29), 495.339156315	
(39, 19), 490.21941673	
(4, 19), 504.902597893	
(5, 18), 496.567013106	
(5, 29), 492.438621023	
(6, 17), 497.98431946	
(6, 28), 489.550449207	
(6, 39), 499.645042743	
(7, 16), 496.581915633	
(7, 27), 505.36490642	
(7, 38), 497.233592542	
(7, 49), 481.211686772	
(8, 15), 502.377593023	
(8, 26), 497.306662549	
(8, 37), 479.037281118	
(8, 48), 491.781777563	
(9, 14), 489.289351179	
(9, 25), 486.42308084	
(9, 36), 496.381822906	
(9, 47), 496.409754966	
(16, 19), 491.267130149	
(17, 18), 499.937514778	
(17, 29), 500.155107881	
(18, 17), 491.088181664	
(18, 28), 493.397110439	
(18, 39), 496.852793873	
(19, 16), 492.798057528	
(19, 27), 504.503485784	
(19, 38), 499.135553867	
(19, 49), 491.683811289	
(27, 19), 493.363423639	
(28, 18), 512.378355746	
(28, 29), 510.718389164	
(29, 17), 495.391358211	
(29, 28), 497.957799196	
(29, 39), 499.808480735	
(3, 19), 495.038410479	
(38, 19), 513.827084407	
(39, 18), 493.983136786	
(39, 29), 489.324744555	
(4, 18), 505.741967266	
(4, 29), 507.569022441	
(49, 19), 497.968278812	
(5, 17), 494.829116527	
(5, 28), 491.884444025	
(5, 39), 495.868413739	
(6, 16), 496.108387749	
(6, 27), 506.28897604	
(6, 38), 506.43566084	
(6, 49), 485.415891924	
(7, 15), 492.659941264	
(7, 26), 492.817465048	
(7, 37), 482.608884568	
(7, 48), 484.803334968	
(8, 14), 493.519733399	
(8, 25), 496.22793353	
(8, 36), 504.94728985	
(8, 47), 509.661310363	
(9, 13), 478.671238785	
(9, 24), 500.563076617	
(9, 35), 492.194923385	
(9, 46), 504.104720705	
(15, 19), 513.016908916	
(16, 18), 499.828052247	
(16, 29), 489.267883648	
(17, 17), 495.603742193	
(17, 28), 494.686026557	
(17, 39), 500.363563861	
(18, 16), 496.696569014	
(18, 27), 505.075104112	
(18, 38), 499.466299793	
(18, 49), 480.250732784	
(19, 15), 497.776173619	
(19, 26), 492.098344513	
(19, 37), 483.442746988	
(19, 48), 479.750025023	
(2, 19), 507.358847232	
(26, 19), 505.210866831	
(27, 18), 500.32931656	
(27, 29), 497.585559766	
(28, 17), 495.762630512	
(28, 28), 505.192043708	
(28, 39), 503.815724858	
(29, 16), 492.789506168	
(29, 27), 508.776321231	
(29, 38), 498.006109739	
(29, 49), 484.663730965	
(3, 18), 497.268855033	
(3, 29), 486.090627125	
(37, 19), 509.727696545	
(38, 18), 512.067674521	
(38, 29), 505.99325117	
(39, 17), 491.147358764	
(39, 28), 486.582410786	
(39, 39), 494.695346036	
(4, 17), 494.460474262	
(4, 28), 499.444029362	
(4, 39), 505.694168272	
(48, 19), 494.891309329	
(49, 18), 504.209911124	
(49, 29), 503.48027664	
(5, 16), 489.673299597	
(5, 27), 499.039710349	
(5, 38), 502.097980846	
(5, 49), 481.221570783	
(6, 15), 494.164634343	
(6, 26), 489.867870275	
(6, 37), 481.854163632	
(6, 48), 491.424555462	
(7, 14), 497.872285854	
(7, 25), 489.986412808	
(7, 36), 502.156388916	
(7, 47), 503.647127294	
(8, 13), 496.285953055	
(8, 24), 514.644827857	
(8, 35), 504.833642068	
(8, 46), 516.273422184	
(9, 12), 479.29242613	
(9, 23), 489.001088013	
(9, 34), 495.767091007	
(9, 45), 483.409504623	
(1, 19), 515.042608921	
(14, 19), 508.713388846	
(15, 18), 511.78223411	
(15, 29), 505.092926182	
(16, 17), 486.70446034	
(16, 28), 493.355299655	
(16, 39), 496.792526658	
(17, 16), 498.654102692	
(17, 27), 518.19512302	
(17, 38), 496.058347931	
(17, 49), 484.791011643	
(18, 15), 485.605842332	
(18, 26), 493.627896479	
(18, 37), 474.234355594	
(18, 48), 481.801580467	
(19, 14), 493.80736845	
(19, 25), 485.62335109	
(19, 36), 497.035575897	
(19, 47), 500.516575348	
(2, 18), 510.423371574	
(2, 29), 506.319761419	
(25, 19), 500.924309345	
(26, 18), 501.957331275	
(26, 29), 502.546608198	
(27, 17), 496.120288865	
(27, 28), 492.655220191	
(27, 39), 498.579310487	
(28, 16), 510.974831568	
(28, 27), 512.886610943	
(28, 38), 505.195790876	
(28, 49), 491.902575298	
(29, 15), 494.001765399	
(29, 26), 488.405718684	
(29, 37), 477.683138257	
(29, 48), 489.534094483	
(3, 17), 490.055177109	
(3, 28), 490.482851256	
(3, 39), 490.085717129	
(36, 19), 498.228946511	
(37, 18), 508.069441944	
(37, 29), 505.975627548	
(38, 17), 499.937975672	
(38, 28), 514.264591667	
(38, 39), 502.794411533	
(39, 16), 491.000419923	
(39, 27), 505.171363993	
(39, 38), 500.213104356	
(39, 49), 484.020114056	
(4, 16), 504.0889962	
(4, 27), 511.513574937	
(4, 38), 507.991395852	
(4, 49), 490.616165494	
(47, 19), 496.183683386	
(48, 18), 505.069856936	
(48, 29), 498.937871732	
(49, 17), 485.301734435	
(49, 28), 491.715523586	
(49, 39), 500.725657598	
(5, 15), 492.275187765	
(5, 26), 489.165570434	
(5, 37), 480.360783503	
(5, 48), 483.767443237	
(6, 14), 498.990386162	
(6, 25), 486.990471792	
(6, 36), 499.139816919	
(6, 47), 513.948177326	
(7, 13), 495.410436049	
(7, 24), 508.076719357	
(7, 35), 498.861519357	
(7, 46), 500.69735663	
(8, 12), 486.400064811	
(8, 23), 501.040898516	
(8, 34), 511.745818475	
(8, 45), 490.936882122	
(9, 11), 510.009832342	
(9, 22), 494.728086826	
(9, 33), 486.998442792	
(9, 44), 487.213749407	
(0, 19), 516.806648198	
(1, 18), 521.838477585	
(1, 29), 512.058090776	
(13, 19), 518.962028507	
(14, 18), 508.397994804	
(14, 29), 517.085017821	
(15, 17), 502.184400782	
(15, 28), 504.346936389	
(15, 39), 511.579426589	
(16, 16), 492.668829387	
(16, 27), 501.281913865	
(16, 38), 495.143238613	
(16, 49), 482.661879594	
(17, 15), 497.584858246	
(17, 26), 493.540614451	
(17, 37), 482.590334254	
(17, 48), 486.305206071	
(18, 14), 494.844950663	
(18, 25), 491.172834513	
(18, 36), 492.557913113	
(18, 47), 510.011518644	
(19, 13), 497.338796892	
(19, 24), 510.007126604	
(19, 35), 501.181043561	
(19, 46), 510.946385581	
(2, 17), 502.89114839	
(2, 28), 504.201700898	
(2, 39), 505.804660952	
(24, 19), 492.870686852	
(25, 18), 511.212731207	
(25, 29), 501.955221745	
(26, 17), 496.921154513	
(26, 28), 499.394400311	
(26, 39), 500.136824713	
(27, 16), 490.848779962	
(27, 27), 499.861153015	
(27, 38), 496.184956574	
(27, 49), 473.901340351	
(28, 15), 502.444058213	
(28, 26), 505.584546997	
(28, 37), 488.21979311	
(28, 48), 499.091103954	
(29, 14), 497.257913546	
(29, 25), 490.753182599	
(29, 36), 496.506237394	
(29, 47), 510.981580566	
(3, 16), 491.963948489	
(3, 27), 499.324222416	
(3, 38), 505.261953049	
(3, 49), 475.170672523	
(35, 19), 491.584969532	
(36, 18), 504.681811242	
(36, 29), 494.161986974	
(37, 17), 501.39001792	
(37, 28), 505.966266781	
(37, 39), 515.951374958	
(38, 16), 506.435957494	
(38, 27), 518.719197598	
(38, 38), 509.976873982	
(38, 49), 494.732373298	
(39, 15), 495.282579965	
(39, 26), 486.913837617	
(39, 37), 469.938624775	
(39, 48), 481.294537635	
(4, 15), 502.445183555	
(4, 26), 496.119224586	
(4, 37), 491.122645274	
(4, 48), 502.928582998	
(46, 19), 500.13571462	
(47, 18), 507.57537091	
(47, 29), 496.532169293	
(48, 17), 503.725351662	
(48, 28), 502.619612274	
(48, 39), 493.49595855	
(49, 16), 501.028634683	
(49, 27), 503.72015053	
(49, 38), 502.890106187	
(49, 49), 472.481232914	
(5, 14), 495.147814874	
(5, 25), 491.317390844	
(5, 36), 497.899313397	
(5, 47), 504.849357986	
(6, 13), 487.959997081	
(6, 24), 517.311454222	
(6, 35), 494.749172739	
(6, 46), 509.567591594	
(7, 12), 485.766092591	
(7, 23), 493.293751645	
(7, 34), 511.410935087	
(7, 45), 489.471177403	
(8, 11), 517.391096232	
(8, 22), 504.471904429	
(8, 33), 518.453198183	
(8, 44), 507.595727541	
(9, 10), 486.540073329	
(9, 21), 480.864991712	
(9, 32), 482.930548986	
(9, 43), 502.421821874	
(0, 18), 508.251181549	
(0, 29), 510.057348888	
(1, 17), 511.504658022	
(1, 28), 513.814086096	
(1, 39), 513.692655416	
(12, 19), 500.726258508	
(13, 18), 516.971368834	
(13, 29), 516.738571876	
(14, 17), 505.864359737	
(14, 28), 510.468455469	
(14, 39), 506.674189167	
(15, 16), 503.268374069	
(15, 27), 517.472621	
(15, 38), 514.424021441	
(15, 49), 495.954011477	
(16, 15), 487.72789293	
(16, 26), 497.205067971	
(16, 37), 473.076834189	
(16, 48), 476.465386024	
(17, 14), 496.338214191	
(17, 25), 501.435066173	
(17, 36), 499.18962514	
(17, 47), 504.555779981	
(18, 13), 487.183176287	
(18, 24), 513.265504234	
(18, 35), 497.823817932	
(18, 46), 504.47738805	
(19, 12), 490.236655075	
(19, 23), 493.718846675	
(19, 34), 507.273640128	
(19, 45), 499.289908204	
(2, 16), 505.884891434	
(2, 27), 512.407657418	
(2, 38), 514.865326871	
(2, 49), 496.710814608	
(23, 19), 502.980184361	
(24, 18), 496.6291742	
(24, 29), 491.03042426	
(25, 17), 494.44846649	
(25, 28), 504.891459453	
(25, 39), 505.707561284	
(26, 16), 495.985491024	
(26, 27), 512.600055166	
(26, 38), 495.897730466	
(26, 49), 490.644073346	
(27, 15), 498.838089105	
(27, 26), 495.559021927	
(27, 37), 480.167677291	
(27, 48), 483.781732851	
(28, 14), 507.446285315	
(28, 25), 502.232030734	
(28, 36), 508.951396104	
(28, 47), 514.088887748	
(29, 13), 485.523537121	
(29, 24), 514.197256904	
(29, 35), 498.880757841	
(29, 46), 507.002625309	
(3, 15), 484.883123813	
(3, 26), 485.691422806	
(3, 37), 465.671665309	
(3, 48), 485.322933999	
(34, 19), 492.791360579	
(35, 18), 498.798264085	
(35, 29), 487.306968914	
(36, 17), 492.259405324	
(36, 28), 490.970326243	
(36, 39), 499.101970727	
(37, 16), 505.81951097	
(37, 27), 515.447951271	
(37, 38), 513.923691244	
(37, 49), 495.931943805	
(38, 15), 510.439581036	
(38, 26), 500.252329748	
(38, 37), 489.969978344	
(38, 48), 499.49860414	
(39, 14), 491.177816866	
(39, 25), 485.116226939	
(39, 36), 494.488391347	
(39, 47), 503.53337503	
(4, 14), 505.811463336	
(4, 25), 501.243306647	
(4, 36), 506.9967178	
(4, 47), 520.101549873	
(45, 19), 511.148766027	
(46, 18), 502.688038559	
(46, 29), 500.971835671	
(47, 17), 494.670878046	
(47, 28), 497.999352024	
(47, 39), 501.975423222	
(48, 16), 496.146351226	
(48, 27), 512.131341608	
(48, 38), 507.435850335	
(48, 49), 485.24388065	
(49, 15), 499.713321967	
(49, 26), 489.303556956	
(49, 37), 481.112935202	
(49, 48), 479.485190556	
(5, 13), 490.206801088	
(5, 24), 499.160933835	
(5, 35), 492.450023701	
(5, 46), 501.427094807	
(6, 12), 486.890658694	
(6, 23), 503.824545659	
(6, 34), 508.030734175	
(6, 45), 493.242947399	
(7, 11), 508.841644255	
(7, 22), 503.665833343	
(7, 33), 513.153706914	
(7, 44), 493.45304985	
(8, 10), 489.783669715	
(8, 21), 492.271233122	
(8, 32), 499.310026996	
(8, 43), 512.343157149	
(9, 20), 494.173581091	
(9, 31), 497.571365384	
(9, 42), 472.779281131	
(0, 17), 512.038925513	
(0, 28), 512.281240737	
(0, 39), 513.157187539	
(1, 16), 513.797709528	
(1, 27), 518.052777709	
(1, 38), 516.068901395	
(1, 49), 501.031465853	
(11, 19), 516.663812108	
(12, 18), 502.956843905	
(12, 29), 499.308443821	
(13, 17), 521.50990654	
(13, 28), 518.11922571	
(13, 39), 516.685197217	
(14, 16), 509.805798121	
(14, 27), 516.907356013	
(14, 38), 514.863428509	
(14, 49), 488.476642987	
(15, 15), 509.964386225	
(15, 26), 503.558916737	
(15, 37), 486.266301354	
(15, 48), 498.862304374	
(16, 14), 494.928730643	
(16, 25), 480.983974329	
(16, 36), 493.915434531	
(16, 47), 499.781681258	
(17, 13), 495.588445033	
(17, 24), 506.53691279	
(17, 35), 493.693449094	
(17, 46), 513.024055178	
(18, 12), 491.134916618	
(18, 23), 490.407398059	
(18, 34), 507.836081949	
(18, 45), 490.724994315	
(19, 11), 517.909359852	
(19, 22), 497.537130556	
(19, 33), 510.699103335	
(19, 44), 500.996558194	
(2, 15), 503.119418726	
(2, 26), 500.895016147	
(2, 37), 488.958626491	
(2, 48), 500.380953576	
(22, 19), 496.325666681	
(23, 18), 506.94561134	
(23, 29), 497.594220246	
(24, 17), 491.879281729	
(24, 28), 487.060094352	
(24, 39), 492.413698277	
(25, 16), 506.089796131	
(25, 27), 512.240791344	
(25, 38), 512.781998734	
(25, 49), 489.191428135	
(26, 15), 493.826067785	
(26, 26), 495.582283963	
(26, 37), 490.944217017	
(26, 48), 491.448141329	
(27, 14), 499.416385641	
(27, 25), 486.331528623	
(27, 36), 498.511477215	
(27, 47), 510.071404988	
(28, 13), 500.031850298	
(28, 24), 518.024501101	
(28, 35), 503.506710148	
(28, 46), 524.832700327	
(29, 12), 485.017773621	
(29, 23), 495.896980697	
(29, 34), 509.476384595	
(29, 45), 495.052481018	
(3, 14), 496.95180052	
(3, 25), 483.896355818	
(3, 36), 496.371406083	
(3, 47), 501.871567797	
(33, 19), 502.896664818	
(34, 18), 495.73731925	
(34, 29), 492.648803422	
(35, 17), 482.81759997	
(35, 28), 491.873828689	
(35, 39), 498.851336847	
(36, 16), 500.626381208	
(36, 27), 497.261277809	
(36, 38), 505.455832869	
(36, 49), 483.30670352	
(37, 15), 506.245822381	
(37, 26), 503.658705113	
(37, 37), 494.824295594	
(37, 48), 501.851225287	
(38, 14), 513.547129765	
(38, 25), 501.80960376	
(38, 36), 508.048775951	
(38, 47), 514.517199462	
(39, 13), 485.465325824	
(39, 24), 498.957438507	
(39, 35), 490.325435832	
(39, 46), 507.576007244	
(4, 13), 502.361164051	
(4, 24), 515.714543757	
(4, 35), 503.70493865	
(4, 46), 513.469882435	
(44, 19), 489.862871962	
(45, 18), 511.008179003	
(45, 29), 516.028369133	
(46, 17), 498.04960106	
(46, 28), 494.470848687	
(46, 39), 500.468899835	
(47, 16), 490.020062909	
(47, 27), 503.43896743	
(47, 38), 499.528706708	
(47, 49), 477.608507965	
(48, 15), 496.678550008	
(48, 26), 496.65630134	
(48, 37), 480.738071426	
(48, 48), 495.486169033	
(49, 14), 499.714652786	
(49, 25), 501.917453301	
(49, 36), 491.920049121	
(49, 47), 502.577367523	
(5, 12), 484.18410739	
(5, 23), 488.880941443	
(5, 34), 497.432635231	
(5, 45), 495.730289611	
(6, 11), 503.664194374	
(6, 22), 495.52743352	
(6, 33), 505.442004952	
(6, 44), 498.1173591	
(7, 10), 484.621061951	
(7, 21), 489.894172019	
(7, 32), 490.502955797	
(7, 43), 511.5590192	
(8, 20), 507.785687654	
(8, 31), 517.508304989	
(8, 42), 483.101642303	
(9, 30), 497.414986374	
(9, 41), 484.019829048	
(0, 16), 517.0448571	
(0, 27), 526.645902462	
(0, 38), 513.931603507	
(0, 49), 501.641721806	
(1, 15), 512.599365391	
(1, 26), 512.55059629	
(1, 37), 493.918613861	
(1, 48), 499.359151215	
(10, 19), 494.537928997	
(11, 18), 520.716177589	
(11, 29), 512.496368525	
(12, 17), 498.498350294	
(12, 28), 501.278743804	
(12, 39), 506.626214423	
(13, 16), 515.475547656	
(13, 27), 528.544301117	
(13, 38), 526.395708337	
(13, 49), 499.108344844	
(14, 15), 509.939629611	
(14, 26), 508.001140231	
(14, 37), 492.611088923	
(14, 48), 495.266445701	
(15, 14), 507.650595508	
(15, 25), 501.624675886	
(15, 36), 507.654037233	
(15, 47), 517.945815061	
(16, 13), 490.480513997	
(16, 24), 504.656254241	
(16, 35), 483.054273951	
(16, 46), 504.092175392	
(17, 12), 490.564459831	
(17, 23), 492.297353071	
(17, 34), 511.594809311	
(17, 45), 493.055831391	
(18, 11), 507.120387542	
(18, 22), 496.926688054	
(18, 33), 503.178617042	
(18, 44), 497.508541234	
(19, 10), 488.852409906	
(19, 21), 488.4330723	
(19, 32), 492.355817154	
(19, 43), 499.567487504	
(2, 14), 498.604143819	
(2, 25), 501.087751581	
(2, 36), 510.195419429	
(2, 47), 514.083512138	
(21, 19), 496.108623881	
(22, 18), 502.653753621	
(22, 29), 497.680996304	
(23, 17), 488.785093145	
(23, 28), 493.954618379	
(23, 39), 498.923393343	
(24, 16), 493.134180361	
(24, 27), 503.246790905	
(24, 38), 493.572202106	
(24, 49), 484.892594837	
(25, 15), 501.588693814	
(25, 26), 497.898837012	
(25, 37), 485.370876296	
(25, 48), 503.076564121	
(26, 14), 503.449781897	
(26, 25), 493.09577483	
(26, 36), 498.039008177	
(26, 47), 511.537023386	
(27, 13), 492.890496626	
(27, 24), 511.295017921	
(27, 35), 489.967009801	
(27, 46), 512.460215529	
(28, 12), 499.481568216	
(28, 23), 502.472475805	
(28, 34), 514.161883954	
(28, 45), 506.093487194	
(29, 11), 518.30057994	
(29, 22), 504.256164183	
(29, 33), 503.527142946	
(29, 44), 503.061722786	
(3, 13), 486.675991365	
(3, 24), 500.089980975	
(3, 35), 487.853724289	
(3, 46), 508.894602601	
(32, 19), 487.003198952	
(33, 18), 508.196338773	
(33, 29), 503.356212614	
(34, 17), 504.10550179	
(34, 28), 497.810870708	
(34, 39), 496.002579464	
(35, 16), 493.732603985	
(35, 27), 501.428925016	
(35, 38), 495.071414083	
(35, 49), 473.15488661	
(36, 15), 495.419783901	
(36, 26), 493.290869215	
(36, 37), 475.078084943	
(36, 48), 487.289839482	
(37, 14), 500.611675071	
(37, 25), 501.783480062	
(37, 36), 509.118439116	
(37, 47), 510.107142754	
(38, 13), 504.43617389	
(38, 24), 513.382769196	
(38, 35), 508.321710092	
(38, 46), 515.047477417	
(39, 12), 476.537041181	
(39, 23), 486.276620444	
(39, 34), 503.921268692	
(39, 45), 488.418695682	
(4, 12), 490.719169457	
(4, 23), 501.352499563	
(4, 34), 513.079957241	
(4, 45), 500.130229207	
(40, 9), 510.121555993	
(43, 19), 511.04043506	
(44, 18), 502.309033994	
(44, 29), 495.138972417	
(45, 17), 505.798096486	
(45, 28), 503.24271479	
(45, 39), 509.102969493	
(46, 16), 506.255329552	
(46, 27), 509.697582876	
(46, 38), 510.831028606	
(46, 49), 480.438857065	
(47, 15), 500.468448506	
(47, 26), 493.430398299	
(47, 37), 481.257940838	
(47, 48), 487.960112787	
(48, 14), 501.512289646	
(48, 25), 498.730578552	
(48, 36), 493.971333063	
(48, 47), 506.33724894	
(49, 13), 489.321275042	
(49, 24), 510.490190732	
(49, 35), 488.49096394	
(49, 46), 505.688721875	
(5, 11), 508.247519206	
(5, 22), 497.724500609	
(5, 33), 507.392616761	
(5, 44), 498.76797938	
(6, 10), 486.034142664	
(6, 21), 494.339588199	
(6, 32), 494.61750688	
(6, 43), 507.122442833	
(7, 20), 505.054741226	
(7, 31), 506.045233715	
(7, 42), 481.046756182	
(8, 30), 499.273370435	
(8, 41), 501.244960803	
(9, 40), 493.117283172	
(0, 15), 509.300778671	
(0, 26), 504.143855581	
(0, 37), 496.868305727	
(0, 48), 508.214888047	
(1, 14), 511.320566417	
(1, 25), 510.841108206	
(1, 36), 519.80530975	
(1, 47), 521.137466181	
(10, 18), 493.255111713	
(10, 29), 489.551307572	
(11, 17), 515.176675327	
(11, 28), 511.305500366	
(11, 39), 512.890188292	
(12, 16), 501.649953191	
(12, 27), 505.870543449	
(12, 38), 511.226304844	
(12, 49), 486.008102369	
(13, 15), 511.550103822	
(13, 26), 516.232401395	
(13, 37), 487.811857772	
(13, 48), 503.012796429	
(14, 14), 511.692409933	
(14, 25), 508.193369805	
(14, 36), 508.549982491	
(14, 47), 520.131606344	
(15, 13), 499.636636543	
(15, 24), 520.741882114	
(15, 35), 503.863717754	
(15, 46), 526.53256668	
(16, 12), 478.622408953	
(16, 23), 492.97447003	
(16, 34), 506.261554904	
(16, 45), 489.979233382	
(17, 11), 514.499888158	
(17, 22), 502.556827682	
(17, 33), 503.74997789	
(17, 44), 494.219341289	
(18, 10), 485.797331665	
(18, 21), 492.968639759	
(18, 32), 491.850286635	
(18, 43), 501.267178463	
(19, 20), 503.161468351	
(19, 31), 512.275014326	
(19, 42), 472.560201517	
(2, 13), 498.561931716	
(2, 24), 521.176706734	
(2, 35), 503.675578925	
(2, 46), 514.12109397	
(20, 19), 506.311292088	
(21, 18), 498.522203022	
(21, 29), 490.445249809	
(22, 17), 495.231890472	
(22, 28), 493.38907046	
(22, 39), 504.04130476	
(23, 16), 501.905599759	
(23, 27), 512.248326795	
(23, 38), 509.916579149	
(23, 49), 479.80619481	
(24, 15), 494.32113663	
(24, 26), 489.906642117	
(24, 37), 477.18399849	
(24, 48), 478.578962916	
(25, 14), 504.682267595	
(25, 25), 495.05404056	
(25, 36), 507.231870461	
(25, 47), 506.531262238	
(26, 13), 481.986169531	
(26, 24), 514.500308737	
(26, 35), 499.473945074	
(26, 46), 508.799269247	
(27, 12), 481.362593244	
(27, 23), 489.062240272	
(27, 34), 505.702606307	
(27, 45), 489.059305443	
(28, 11), 524.165862096	
(28, 22), 511.912587851	
(28, 33), 517.774401745	
(28, 44), 507.259847009	
(29, 10), 483.45612595	
(29, 21), 487.073051177	
(29, 32), 498.653203256	
(29, 43), 504.453619257	
(3, 12), 483.013111725	
(3, 23), 489.020492247	
(3, 34), 505.355707876	
(3, 45), 488.415332197	
(30, 9), 518.960564159	
(31, 19), 509.987678435	
(32, 18), 494.822050124	
(32, 29), 485.163383618	
(33, 17), 497.595906974	
(33, 28), 499.893182561	
(33, 39), 500.022064925	
(34, 16), 489.716977573	
(34, 27), 500.509241406	
(34, 38), 505.93163288	
(34, 49), 482.00748846	
(35, 15), 492.722149943	
(35, 26), 490.147613484	
(35, 37), 472.477422464	
(35, 48), 482.118294989	
(36, 14), 495.797035802	
(36, 25), 497.212465464	
(36, 36), 495.615460792	
(36, 47), 503.181647601	
(37, 13), 502.016162466	
(37, 24), 518.143295623	
(37, 35), 504.787719885	
(37, 46), 521.616976103	
(38, 12), 506.682579398	
(38, 23), 504.12781316	
(38, 34), 519.575588391	
(38, 45), 507.584570403	
(39, 11), 511.305539156	
(39, 22), 490.380877687	
(39, 33), 503.190947051	
(39, 44), 485.140028299	
(4, 11), 520.041042246	
(4, 22), 508.390883799	
(4, 33), 511.628512205	
(4, 44), 503.957566918	
(40, 8), 513.763735371	
(41, 9), 490.73075301	
(42, 19), 505.243784689	
(43, 18), 506.064408557	
(43, 29), 511.708989998	
(44, 17), 488.571716218	
(44, 28), 491.161016111	
(44, 39), 500.928030045	
(45, 16), 511.950744696	
(45, 27), 523.013312558	
(45, 38), 514.705428206	
(45, 49), 494.559249504	
(46, 15), 497.960067636	
(46, 26), 494.887873892	
(46, 37), 481.979599644	
(46, 48), 489.091650788	
(47, 14), 493.431354409	
(47, 25), 488.14716922	
(47, 36), 493.858406604	
(47, 47), 503.970002507	
(48, 13), 493.521053713	
(48, 24), 507.172325869	
(48, 35), 496.397020796	
(48, 46), 506.808236334	
(49, 12), 491.734031222	
(49, 23), 489.001089927	
(49, 34), 501.61310137	
(49, 45), 487.143060134	
(5, 10), 487.744136061	
(5, 21), 484.333480205	
(5, 32), 489.844571905	
(5, 43), 501.969564973	
(6, 20), 501.436890116	
(6, 31), 496.801402584	
(6, 42), 477.076540924	
(7, 30), 501.792191841	
(7, 41), 501.435167814	
(8, 40), 500.890119067	
(0, 14), 508.351379172	
(0, 25), 500.0219132	
(0, 36), 508.251675018	
(0, 47), 516.009150895	
(1, 13), 504.260933705	
(1, 24), 531.071056846	
(1, 35), 514.117781861	
(1, 46), 527.675890877	
(10, 17), 491.225667633	
(10, 28), 496.532216093	
(10, 39), 495.925081036	
(11, 16), 507.468457133	
(11, 27), 521.589651143	
(11, 38), 519.657129475	
(11, 49), 492.798244941	
(12, 15), 501.451039916	
(12, 26), 493.712188927	
(12, 37), 486.051799439	
(12, 48), 489.258161377	
(13, 14), 511.539756836	
(13, 25), 514.458453967	
(13, 36), 512.302609451	
(13, 47), 522.904098989	
(14, 13), 505.451889696	
(14, 24), 518.237645389	
(14, 35), 505.241186186	
(14, 46), 517.026011592	
(15, 12), 500.028478313	
(15, 23), 504.927720182	
(15, 34), 518.579656994	
(15, 45), 507.889766682	
(16, 11), 504.305825289	
(16, 22), 504.486124652	
(16, 33), 509.924318216	
(16, 44), 495.704326863	
(17, 10), 487.133591177	
(17, 21), 498.12534448	
(17, 32), 501.361640231	
(17, 43), 505.82013393	
(18, 20), 500.919308108	
(18, 31), 504.585462944	
(18, 42), 476.994963073	
(19, 30), 499.015056233	
(19, 41), 500.603410664	
(2, 12), 497.122779651	
(2, 23), 501.881695137	
(2, 34), 523.464824129	
(2, 45), 505.769041843	
(20, 18), 506.743462223	
(20, 29), 504.854107944	
(20, 9), 495.118082853	
(21, 17), 493.454458972	
(21, 28), 492.384006146	
(21, 39), 497.127983466	
(22, 16), 499.161543529	
(22, 27), 505.323917598	
(22, 38), 506.814065209	
(22, 49), 483.953906927	
(23, 15), 499.595589956	
(23, 26), 493.974688653	
(23, 37), 487.806648943	
(23, 48), 491.372976953	
(24, 14), 489.477621527	
(24, 25), 487.482669986	
(24, 36), 495.522737004	
(24, 47), 502.296214394	
(25, 13), 492.169096241	
(25, 24), 516.962603028	
(25, 35), 501.201619466	
(25, 46), 516.508282629	
(26, 12), 492.062881781	
(26, 23), 498.431969753	
(26, 34), 511.207698748	
(26, 45), 500.132975818	
(27, 11), 509.322846348	
(27, 22), 500.339140807	
(27, 33), 509.592137169	
(27, 44), 498.318042271	
(28, 10), 493.090707031	
(28, 21), 499.872068137	
(28, 32), 501.78606495	
(28, 43), 516.592316306	
(29, 20), 506.383729808	
(29, 31), 511.196147444	
(29, 42), 481.161483428	
(3, 11), 508.67148637	
(3, 22), 490.917504907	
(3, 33), 504.544508202	
(3, 44), 500.222939302	
(30, 19), 517.640632075	
(30, 8), 524.751259546	
(31, 18), 510.545187245	
(31, 29), 509.977718331	
(31, 9), 503.249824951	
(32, 17), 484.538031	
(32, 28), 494.77127036	
(32, 39), 485.931402315	
(33, 16), 500.730179048	
(33, 27), 508.064684317	
(33, 38), 510.379962368	
(33, 49), 487.737960062	
(34, 15), 491.709977177	
(34, 26), 490.680118081	
(34, 37), 476.899761472	
(34, 48), 485.68424521	
(35, 14), 489.953897	
(35, 25), 489.694035991	
(35, 36), 494.362892287	
(35, 47), 503.658148627	
(36, 13), 486.250986471	
(36, 24), 505.66544517	
(36, 35), 499.217158323	
(36, 46), 507.249251853	
(37, 12), 494.928498283	
(37, 23), 503.673425576	
(37, 34), 513.168606414	
(37, 45), 503.659761354	
(38, 11), 521.632442553	
(38, 22), 510.125028254	
(38, 33), 522.814946477	
(38, 44), 505.801293305	
(39, 10), 480.548911794	
(39, 21), 486.129655241	
(39, 32), 493.389820387	
(39, 43), 500.766606587	
(4, 10), 497.22636587	
(4, 21), 493.366860031	
(4, 32), 499.161780203	
(4, 43), 514.771210113	
(40, 7), 515.15826632	
(41, 19), 492.681714203	
(41, 8), 498.835065486	
(42, 18), 500.225485794	
(42, 29), 490.404112214	
(42, 9), 495.897427999	
(43, 17), 509.174981685	
(43, 28), 504.483458482	
(43, 39), 506.116434139	
(44, 16), 500.204179499	
(44, 27), 503.771625013	
(44, 38), 496.578106556	
(44, 49), 472.981608486	
(45, 15), 508.742194341	
(45, 26), 504.83210522	
(45, 37), 495.112285686	
(45, 48), 502.464875747	
(46, 14), 502.379597703	
(46, 25), 496.862365834	
(46, 36), 501.483326783	
(46, 47), 506.142422865	
(47, 13), 485.313883252	
(47, 24), 502.438129396	
(47, 35), 495.704748091	
(47, 46), 508.374149236	
(48, 12), 489.360717038	
(48, 23), 492.707051853	
(48, 34), 506.78198178	
(48, 45), 484.437405796	
(49, 11), 503.165563883	
(49, 22), 501.107563285	
(49, 33), 506.653994903	
(49, 44), 494.288445709	
(5, 20), 500.296482482	
(5, 31), 491.838440804	
(5, 42), 477.495586628	
(6, 30), 499.70343574	
(6, 41), 498.37172317	
(7, 40), 490.96847151	
(0, 13), 503.676250193	
(0, 24), 526.061788611	
(0, 35), 513.893631172	
(0, 46), 529.81729472	
(1, 12), 505.163421135	
(1, 23), 512.104001425	
(1, 34), 519.625508222	
(1, 45), 506.277520693	
(10, 16), 490.141124623	
(10, 27), 503.538664599	
(10, 38), 499.283464252	
(10, 49), 483.717140136	
(10, 9), 494.36941798	
(11, 15), 510.663317738	
(11, 26), 510.041060951	
(11, 37), 490.948715326	
(11, 48), 504.298239766	
(12, 14), 494.413703334	
(12, 25), 493.661467773	
(12, 36), 499.766544142	
(12, 47), 506.544915243	
(13, 13), 511.484507117	
(13, 24), 524.323946884	
(13, 35), 511.935696545	
(13, 46), 529.397454565	
(14, 12), 507.094009933	
(14, 23), 503.502263751	
(14, 34), 514.648889507	
(14, 45), 498.25938295	
(15, 11), 516.313254278	
(15, 22), 515.748652916	
(15, 33), 522.121332908	
(15, 44), 512.399390158	
(16, 10), 478.432791008	
(16, 21), 486.219782544	
(16, 32), 484.02105203	
(16, 43), 504.618006634	
(17, 20), 507.280031212	
(17, 31), 506.00415961	
(17, 42), 488.34414885	
(18, 30), 499.802091805	
(18, 41), 497.285928133	
(19, 40), 496.620778634	
(2, 11), 519.673826601	
(2, 22), 510.699689398	
(2, 33), 523.668008628	
(2, 44), 507.253056683	
(20, 17), 502.691875992	
(20, 28), 503.140836233	
(20, 39), 505.406840905	
(20, 8), 512.033048876	
(21, 16), 495.013652532	
(21, 27), 506.70762917	
(21, 38), 496.126833374	
(21, 49), 487.856281192	
(21, 9), 494.320648966	
(22, 15), 500.453586739	
(22, 26), 495.133784257	
(22, 37), 481.394124167	
(22, 48), 500.078956438	
(23, 14), 500.820311817	
(23, 25), 498.51160214	
(23, 36), 505.369757336	
(23, 47), 504.147671889	
(24, 13), 486.0464638	
(24, 24), 505.640229587	
(24, 35), 491.681191986	
(24, 46), 507.101842099	
(25, 12), 497.025677667	
(25, 23), 503.920709319	
(25, 34), 511.237207188	
(25, 45), 499.556395372	
(26, 11), 509.021048231	
(26, 22), 498.603071485	
(26, 33), 510.730177984	
(26, 44), 496.915789979	
(27, 10), 487.475242492	
(27, 21), 483.412724448	
(27, 32), 490.36638812	
(27, 43), 502.906095556	
(28, 20), 509.771763732	
(28, 31), 516.858171421	
(28, 42), 495.574780991	
(29, 30), 505.072578657	
(29, 41), 494.887574819	
(3, 10), 485.854079088	
(3, 21), 479.67097881	
(3, 32), 487.057312958	
(3, 43), 502.715343273	
(30, 18), 513.077206417	
(30, 29), 521.638026952	
(30, 7), 522.541341195	
(31, 17), 503.191907622	
(31, 28), 501.612035394	
(31, 39), 503.319190516	
(31, 8), 515.967643207	
(32, 16), 486.597761632	
(32, 27), 492.937269459	
(32, 38), 491.214321283	
(32, 49), 478.608212572	
(32, 9), 493.379600959	
(33, 15), 498.603128441	
(33, 26), 502.966421257	
(33, 37), 479.060415563	
(33, 48), 495.173049841	
(34, 14), 497.948290311	
(34, 25), 483.878714059	
(34, 36), 489.969891902	
(34, 47), 504.810237154	
(35, 13), 487.758158212	
(35, 24), 502.951358275	
(35, 35), 493.320635197	
(35, 46), 501.86154806	
(36, 12), 481.144057739	
(36, 23), 489.992445887	
(36, 34), 496.016547703	
(36, 45), 500.838367552	
(37, 11), 518.151275138	
(37, 22), 515.286719676	
(37, 33), 517.010493605	
(37, 44), 513.69545801	
(38, 10), 502.000221694	
(38, 21), 506.327558758	
(38, 32), 502.162368636	
(38, 43), 515.086020185	
(39, 20), 500.870590337	
(39, 31), 498.789190851	
(39, 42), 483.337658884	
(4, 20), 504.805833743	
(4, 31), 509.46475008	
(4, 42), 490.882331604	
(40, 19), 511.375137347	
(40, 6), 517.880770297	
(41, 18), 505.002085067	
(41, 29), 493.228088523	
(41, 7), 498.543548345	
(42, 17), 485.423096348	
(42, 28), 493.435833192	
(42, 39), 499.598056723	
(42, 8), 510.57419041	
(43, 16), 508.701753697	
(43, 27), 514.922960567	
(43, 38), 515.840926613	
(43, 49), 496.346584114	
(43, 9), 507.545833181	
(44, 15), 494.959100302	
(44, 26), 494.045448459	
(44, 37), 480.414207774	
(44, 48), 476.919553463	
(45, 14), 516.308153472	
(45, 25), 506.056098007	
(45, 36), 508.214912467	
(45, 47), 516.593321262	
(46, 13), 494.051936563	
(46, 24), 513.79460679	
(46, 35), 497.831436895	
(46, 46), 509.271876477	
(47, 12), 484.355068228	
(47, 23), 497.229925741	
(47, 34), 505.746434499	
(47, 45), 491.967957409	
(48, 11), 512.379170619	
(48, 22), 504.228254241	
(48, 33), 506.428189712	
(48, 44), 495.668637822	
(49, 10), 487.248460535	
(49, 21), 488.324348356	
(49, 32), 485.398153185	
(49, 43), 513.240513677	
(5, 30), 498.003324574	
(5, 41), 486.956389485	
(6, 40), 496.31373473	
(0, 12), 502.882272456	
(0, 23), 508.032688039	
(0, 34), 521.796334554	
(0, 45), 506.706829094	
(1, 11), 532.261387513	
(1, 22), 521.12039147	
(1, 33), 516.670244568	
(1, 44), 517.193779699	
(10, 15), 493.312613196	
(10, 26), 488.804410783	
(10, 37), 484.074261407	
(10, 48), 482.99370195	
(10, 8), 502.614061024	
(11, 14), 518.243563924	
(11, 25), 497.826941611	
(11, 36), 517.087266999	
(11, 47), 519.997700414	
(11, 9), 512.609550303	
(12, 13), 497.030463104	
(12, 24), 511.958815473	
(12, 35), 489.794816078	
(12, 46), 508.842645976	
(13, 12), 512.531557964	
(13, 23), 508.781873285	
(13, 34), 524.783158105	
(13, 45), 511.177205363	
(14, 11), 523.200878929	
(14, 22), 515.072971517	
(14, 33), 520.517259511	
(14, 44), 510.883759473	
(15, 10), 501.564846732	
(15, 21), 503.795996467	
(15, 32), 501.177432919	
(15, 43), 517.896782899	
(16, 20), 500.684340752	
(16, 31), 503.654079243	
(16, 42), 475.691977411	
(17, 30), 501.190681293	
(17, 41), 492.281284602	
(18, 40), 492.497992573	
(2, 10), 493.656586489	
(2, 21), 500.354058638	
(2, 32), 505.751471837	
(2, 43), 521.345037227	
(20, 16), 499.429991564	
(20, 27), 507.419386097	
(20, 38), 501.717820678	
(20, 49), 489.42422123	
(20, 7), 510.377313389	
(21, 15), 494.230638142	
(21, 26), 491.3382328	
(21, 37), 476.778809276	
(21, 48), 488.968894499	
(21, 8), 503.568232577	
(22, 14), 497.729739137	
(22, 25), 498.990706706	
(22, 36), 503.374179322	
(22, 47), 501.003710097	
(22, 9), 504.358504427	
(23, 13), 491.003291645	
(23, 24), 506.059626861	
(23, 35), 498.760791587	
(23, 46), 511.589897924	
(24, 12), 483.543937217	
(24, 23), 487.393808439	
(24, 34), 496.175643392	
(24, 45), 488.082326039	
(25, 11), 516.803376016	
(25, 22), 509.311637416	
(25, 33), 513.491473415	
(25, 44), 501.487864696	
(26, 10), 488.853916766	
(26, 21), 491.206306887	
(26, 32), 494.112950211	
(26, 43), 511.103873159	
(27, 20), 502.218603642	
(27, 31), 503.889776309	
(27, 42), 479.913704231	
(28, 30), 511.769477654	
(28, 41), 504.879395488	
(29, 40), 495.862678681	
(3, 20), 493.858273051	
(3, 31), 504.853703246	
(3, 42), 472.508722755	
(30, 17), 521.438822289	
(30, 28), 514.381948876	
(30, 39), 519.105838435	
(30, 6), 528.486126801	
(31, 16), 505.715487128	
(31, 27), 514.909049396	
(31, 38), 506.5170719	
(31, 49), 491.688742775	
(31, 7), 512.361915446	
(32, 15), 483.676570805	
(32, 26), 480.090668388	
(32, 37), 472.95428694	
(32, 48), 479.578583239	
(32, 8), 496.696515854	
(33, 14), 499.48217717	
(33, 25), 489.716208065	
(33, 36), 498.961978751	
(33, 47), 515.617541434	
(33, 9), 500.33171382	
(34, 13), 480.834514752	
(34, 24), 508.678068249	
(34, 35), 496.041204525	
(34, 46), 508.238623835	
(35, 12), 485.559467076	
(35, 23), 489.346981169	
(35, 34), 498.754101563	
(35, 45), 490.2442534	
(36, 11), 503.759983862	
(36, 22), 497.822704966	
(36, 33), 501.411680974	
(36, 44), 494.662977921	
(37, 10), 494.292531637	
(37, 21), 498.343061054	
(37, 32), 500.966349481	
(37, 43), 519.172584379	
(38, 20), 506.577911126	
(38, 31), 517.572351933	
(38, 42), 493.249706119	
(39, 30), 496.924363203	
(39, 41), 491.836348163	
(4, 30), 503.754044768	
(4, 41), 504.835650116	
(40, 18), 516.279954513	
(40, 29), 504.352590478	
(40, 5), 521.416628027	
(41, 17), 489.960845013	
(41, 28), 498.156756141	
(41, 39), 495.83181952	
(41, 6), 507.890144938	
(42, 16), 499.050376798	
(42, 27), 502.333642175	
(42, 38), 492.357450811	
(42, 49), 484.225463042	
(42, 7), 499.245410289	
(43, 15), 502.482877001	
(43, 26), 512.640931145	
(43, 37), 494.483525142	
(43, 48), 503.077250045	
(43, 8), 518.432060021	
(44, 14), 499.079927604	
(44, 25), 492.219557296	
(44, 36), 495.636551699	
(44, 47), 503.468834457	
(44, 9), 493.690002977	
(45, 13), 509.723766877	
(45, 24), 526.486833444	
(45, 35), 511.179909692	
(45, 46), 522.46027289	
(46, 12), 489.738044462	
(46, 23), 494.134577945	
(46, 34), 506.80167128	
(46, 45), 493.32235325	
(47, 11), 508.923462984	
(47, 22), 499.590430751	
(47, 33), 508.770563147	
(47, 44), 497.879569418	
(48, 10), 482.792469964	
(48, 21), 489.238601145	
(48, 32), 492.721878382	
(48, 43), 514.779499511	
(49, 20), 501.887789649	
(49, 31), 508.913669328	
(49, 42), 476.156695322	
(5, 40), 494.373362992	
(0, 11), 531.24480822	
(0, 22), 516.269197577	
(0, 33), 523.05704005	
(0, 44), 521.471858436	
(1, 10), 498.165269381	
(1, 21), 497.967554731	
(1, 32), 503.470546015	
(1, 43), 527.034014071	
(10, 14), 497.612654544	
(10, 25), 494.4874397	
(10, 36), 502.618038739	
(10, 47), 504.228570041	
(10, 7), 502.978435216	
(11, 13), 502.554994131	
(11, 24), 519.224598418	
(11, 35), 515.693085056	
(11, 46), 522.661343909	
(11, 8), 525.091808706	
(12, 12), 493.582582452	
(12, 23), 498.86502683	
(12, 34), 511.150510434	
(12, 45), 499.8107557	
(12, 9), 496.027151552	
(13, 11), 526.008461044	
(13, 22), 516.175355535	
(13, 33), 535.12453472	
(13, 44), 515.518347092	
(14, 10), 497.922036292	
(14, 21), 500.416985294	
(14, 32), 501.658278389	
(14, 43), 517.454810169	
(15, 20), 509.519170606	
(15, 31), 520.224123822	
(15, 42), 493.021501466	
(16, 30), 489.391611415	
(16, 41), 488.470499725	
(17, 40), 497.9563411	
(2, 20), 508.127491173	
(2, 31), 524.041493758	
(2, 42), 487.974930522	
(20, 15), 500.425320611	
(20, 26), 493.384884945	
(20, 37), 484.964648872	
(20, 48), 493.842856333	
(20, 6), 511.120433745	
(21, 14), 494.427240094	
(21, 25), 491.176825937	
(21, 36), 494.525652132	
(21, 47), 509.970759732	
(21, 7), 505.164187786	
(22, 13), 488.68402296	
(22, 24), 508.991677432	
(22, 35), 503.933036727	
(22, 46), 511.721721361	
(22, 8), 512.92568472	
(23, 12), 490.91110803	
(23, 23), 491.738688744	
(23, 34), 511.04927711	
(23, 45), 489.11082878	
(23, 9), 496.071186323	
(24, 11), 508.975468408	
(24, 22), 497.594869405	
(24, 33), 501.503289972	
(24, 44), 494.053536851	
(25, 10), 495.917652128	
(25, 21), 503.436673431	
(25, 32), 489.984911398	
(25, 43), 517.02581413	
(26, 20), 502.79797906	
(26, 31), 502.874978776	
(26, 42), 477.607368853	
(27, 30), 507.404358895	
(27, 41), 493.125697068	
(28, 40), 507.420322324	
(3, 30), 496.289751203	
(3, 41), 492.325692649	
(30, 16), 521.16019576	
(30, 27), 517.267739189	
(30, 38), 526.026066432	
(30, 49), 505.045843191	
(30, 5), 528.306435558	
(31, 15), 506.112791524	
(31, 26), 503.639923431	
(31, 37), 495.63567666	
(31, 48), 499.535528917	
(31, 6), 514.67991323	
(32, 14), 486.353804546	
(32, 25), 482.642170631	
(32, 36), 485.935676521	
(32, 47), 496.300642862	
(32, 7), 503.805904768	
(33, 13), 499.633395431	
(33, 24), 514.116455252	
(33, 35), 499.052842886	
(33, 46), 508.007386895	
(33, 8), 510.96001538	
(34, 12), 480.081379095	
(34, 23), 492.295843755	
(34, 34), 510.703791335	
(34, 45), 487.030407744	
(34, 9), 496.657138785	
(35, 11), 505.880015395	
(35, 22), 494.568699152	
(35, 33), 504.328669029	
(35, 44), 496.825933603	
(36, 10), 480.697223336	
(36, 21), 491.779709299	
(36, 32), 489.386155585	
(36, 43), 500.084996915	
(37, 20), 509.856054951	
(37, 31), 515.245464097	
(37, 42), 488.900110114	
(38, 30), 512.879007517	
(38, 41), 500.84962497	
(39, 40), 493.861612713	
(4, 40), 509.431637676	
(40, 17), 511.691605093	
(40, 28), 506.003652126	
(40, 39), 512.174300117	
(40, 4), 516.736392427	
(41, 16), 498.15732883	
(41, 27), 502.935441504	
(41, 38), 499.421759489	
(41, 49), 476.784746228	
(41, 5), 502.005668654	
(42, 15), 489.139888721	
(42, 26), 487.739213608	
(42, 37), 477.36763713	
(42, 48), 482.444190705	
(42, 6), 506.211951712	
(43, 14), 509.358595525	
(43, 25), 497.15136613	
(43, 36), 510.219302096	
(43, 47), 516.466498432	
(43, 7), 519.017774388	
(44, 13), 495.393446114	
(44, 24), 498.474050827	
(44, 35), 491.613001708	
(44, 46), 511.478750999	
(44, 8), 502.792000427	
(45, 12), 501.01195921	
(45, 23), 502.017632783	
(45, 34), 523.65406527	
(45, 45), 504.572577301	
(45, 9), 508.579176552	
(46, 11), 514.530979218	
(46, 22), 501.391039931	
(46, 33), 511.547812619	
(46, 44), 508.759694987	
(47, 10), 486.966445295	
(47, 21), 487.829741284	
(47, 32), 487.927752766	
(47, 43), 502.742894097	
(48, 20), 503.607216545	
(48, 31), 507.638046973	
(48, 42), 484.292340229	
(49, 30), 497.584395118	
(49, 41), 490.775070715	
(0, 10), 497.456808901	
(0, 21), 510.672001146	
(0, 32), 512.044679181	
(0, 43), 519.311873118	
(0, 9), 504.322989619	
(1, 20), 509.748971846	
(1, 31), 521.717574454	
(1, 42), 495.820675626	
(10, 13), 483.494387664	
(10, 24), 506.781268486	
(10, 35), 496.268957278	
(10, 46), 505.527877692	
(10, 6), 499.301876765	
(11, 12), 509.185517425	
(11, 23), 506.136018992	
(11, 34), 525.515943095	
(11, 45), 509.4989624	
(11, 7), 526.783209214	
(12, 11), 513.394418248	
(12, 22), 497.536859177	
(12, 33), 510.850385047	
(12, 44), 495.599633878	
(12, 8), 506.548002011	
(13, 10), 507.004566152	
(13, 21), 505.094738253	
(13, 32), 500.094420106	
(13, 43), 522.532507648	
(13, 9), 512.402864208	
(14, 20), 509.614259553	
(14, 31), 515.314677517	
(14, 42), 489.01391954	
(15, 30), 513.194044207	
(15, 41), 502.456318109	
(16, 40), 492.377515119	
(2, 30), 506.414329096	
(2, 41), 503.991818182	
(20, 14), 506.607868913	
(20, 25), 499.607282049	
(20, 36), 507.940608159	
(20, 47), 509.570987827	
(20, 5), 510.592720181	
(21, 13), 493.117933845	
(21, 24), 509.114106121	
(21, 35), 495.885471077	
(21, 46), 514.032792649	
(21, 6), 507.141610882	
(22, 12), 488.405571116	
(22, 23), 500.556477786	
(22, 34), 507.890334493	
(22, 45), 495.636193751	
(22, 7), 507.768371841	
(23, 11), 507.301154071	
(23, 22), 505.312634433	
(23, 33), 509.214593953	
(23, 44), 505.002604483	
(23, 8), 506.544946362	
(24, 10), 484.025268929	
(24, 21), 494.372151557	
(24, 32), 482.523140606	
(24, 43), 503.314555383	
(24, 9), 485.952630089	
(25, 20), 508.234901895	
(25, 31), 515.848604616	
(25, 42), 487.586920581	
(26, 30), 501.666685205	
(26, 41), 497.976861223	
(27, 40), 493.630764631	
(3, 40), 492.637714245	
(30, 15), 511.559743114	
(30, 26), 516.682162117	
(30, 37), 500.212471074	
(30, 4), 519.353323001	
(30, 48), 507.446842709	
(31, 14), 500.542180178	
(31, 25), 499.762801269	
(31, 36), 510.135680706	
(31, 47), 513.136973306	
(31, 5), 518.251688704	
(32, 13), 482.177039597	
(32, 24), 499.785778771	
(32, 35), 482.687239855	
(32, 46), 501.356611118	
(32, 6), 495.255660351	
(33, 12), 499.959711058	
(33, 23), 494.795089019	
(33, 34), 511.208074936	
(33, 45), 500.312370987	
(33, 7), 514.230351959	
(34, 11), 503.618937687	
(34, 22), 500.315508285	
(34, 33), 503.477526279	
(34, 44), 493.5753736	
(34, 8), 507.487039085	
(35, 10), 486.348492544	
(35, 21), 482.427798585	
(35, 32), 483.983956169	
(35, 43), 500.162837457	
(35, 9), 489.092225665	
(36, 20), 498.021025626	
(36, 31), 509.0960545	
(36, 42), 476.96100444	
(37, 30), 515.847399079	
(37, 41), 502.343804937	
(38, 40), 504.308824566	
(40, 16), 515.335675848	
(40, 27), 510.200646083	
(40, 3), 525.35156928	
(40, 38), 521.090802935	
(40, 49), 500.391405213	
(41, 15), 493.128852695	
(41, 26), 493.897221923	
(41, 37), 482.026760158	
(41, 4), 490.808628809	
(41, 48), 482.109601023	
(42, 14), 499.441111807	
(42, 25), 496.756920886	
(42, 36), 498.62863153	
(42, 47), 508.244197795	
(42, 5), 502.039774597	
(43, 13), 502.039702848	
(43, 24), 520.668829888	
(43, 35), 506.460072617	
(43, 46), 520.894711742	
(43, 6), 513.17653178	
(44, 12), 490.879957117	
(44, 23), 491.09576339	
(44, 34), 503.297271668	
(44, 45), 488.697945343	
(44, 7), 498.854780296	
(45, 11), 524.112336244	
(45, 22), 519.432242074	
(45, 33), 512.762160078	
(45, 44), 515.544252835	
(45, 8), 514.615270171	
(46, 10), 487.460092154	
(46, 21), 492.505544077	
(46, 32), 498.651016601	
(46, 43), 504.948651534	
(46, 9), 501.614685039	
(47, 20), 503.587416245	
(47, 31), 504.988872396	
(47, 42), 481.75140413	
(48, 30), 501.841395977	
(48, 41), 496.947006509	
(49, 40), 499.246545941	
(0, 20), 522.460459371	
(0, 31), 520.746565196	
(0, 42), 490.586905995	
(0, 8), 525.639047218	
(1, 30), 517.790073098	
(1, 41), 519.381353582	
(1, 9), 515.823292603	
(10, 12), 483.017727317	
(10, 23), 495.570012455	
(10, 34), 503.609509743	
(10, 45), 481.011126576	
(10, 5), 500.407211947	
(11, 11), 528.638148819	
(11, 22), 517.584124761	
(11, 33), 525.240463876	
(11, 44), 513.598038905	
(11, 6), 520.637845655	
(12, 10), 492.82294739	
(12, 21), 486.923099533	
(12, 32), 490.845394309	
(12, 43), 506.002956243	
(12, 7), 516.290576381	
(13, 20), 516.175225584	
(13, 31), 522.448178077	
(13, 42), 505.281130021	
(13, 8), 525.641145852	
(14, 30), 514.392316755	
(14, 41), 503.930859257	
(14, 9), 510.753098568	
(15, 40), 508.952131648	
(2, 40), 500.07779994	
(20, 13), 494.356314702	
(20, 24), 513.728090395	
(20, 35), 498.358907431	
(20, 4), 497.988445442	
(20, 46), 512.553831227	
(21, 12), 487.309558361	
(21, 23), 495.308599692	
(21, 34), 502.500458069	
(21, 45), 490.655466363	
(21, 5), 502.778946139	
(22, 11), 521.425319738	
(22, 22), 505.220854322	
(22, 33), 514.179714105	
(22, 44), 498.515489285	
(22, 6), 514.942531589	
(23, 10), 485.048448922	
(23, 21), 486.24735269	
(23, 32), 495.85048847	
(23, 43), 510.149902159	
(23, 7), 504.698657487	
(24, 20), 494.30958624	
(24, 31), 505.985356302	
(24, 42), 474.020049689	
(24, 8), 502.829740907	
(25, 30), 505.082048528	
(25, 41), 489.597852271	
(25, 9), 502.632457461	
(26, 40), 499.372995018	
(30, 14), 519.041322195	
(30, 25), 509.477592137	
(30, 3), 530.440183425	
(30, 36), 518.579055629	
(30, 47), 522.093036146	
(31, 13), 505.291511214	
(31, 24), 515.635681372	
(31, 35), 507.499263437	
(31, 4), 503.557705537	
(31, 46), 519.324249992	
(32, 12), 475.498926834	
(32, 23), 480.872001387	
(32, 34), 492.210420158	
(32, 45), 476.02292282	
(32, 5), 498.604290096	
(33, 11), 515.988816281	
(33, 22), 500.313853583	
(33, 33), 513.817610159	
(33, 44), 503.301467549	
(33, 6), 523.105538178	
(34, 10), 482.303688198	
(34, 21), 486.262460464	
(34, 32), 488.494922537	
(34, 43), 504.558900818	
(34, 7), 511.233577007	
(35, 20), 499.118282789	
(35, 31), 504.365873839	
(35, 42), 474.269928157	
(35, 8), 498.929267955	
(36, 30), 496.088757857	
(36, 41), 488.904432726	
(36, 9), 492.801835294	
(37, 40), 505.296109485	
(40, 15), 510.916866225	
(40, 2), 509.807322957	
(40, 26), 504.850982	
(40, 37), 493.846067309	
(40, 48), 501.902481593	
(41, 14), 498.795211694	
(41, 25), 490.862287176	
(41, 3), 501.778894145	
(41, 36), 491.910220231	
(41, 47), 502.836359085	
(42, 13), 483.71612329	
(42, 24), 508.436435547	
(42, 35), 498.227933742	
(42, 4), 496.301264167	
(42, 46), 508.672431957	
(43, 12), 496.253840508	
(43, 23), 508.927101591	
(43, 34), 522.53084254	
(43, 45), 500.072470789	
(43, 5), 517.912785985	
(44, 11), 508.445359848	
(44, 22), 498.409176301	
(44, 33), 503.380546313	
(44, 44), 498.464607409	
(44, 6), 507.697916462	
(45, 10), 495.440355005	
(45, 21), 502.358979698	
(45, 32), 507.575248376	
(45, 43), 516.583397063	
(45, 7), 521.347544005	
(46, 20), 504.651116449	
(46, 31), 502.272400495	
(46, 42), 484.610175181	
(46, 8), 502.189448762	
(47, 30), 500.105050272	
(47, 41), 501.208705223	
(47, 9), 497.083064773	
(48, 40), 494.650703562	
(0, 30), 515.412484532	
(0, 41), 515.402410297	
(0, 7), 524.108512903	
(1, 40), 508.531731732	
(1, 8), 521.364828883	
(10, 11), 506.576577211	
(10, 22), 502.000052548	
(10, 33), 505.170574558	
(10, 4), 491.356955642	
(10, 44), 493.772767323	
(11, 10), 495.958463097	
(11, 21), 509.437693121	
(11, 32), 504.32618346	
(11, 43), 524.127849571	
(11, 5), 523.393834357	
(12, 20), 502.399910668	
(12, 31), 512.096806338	
(12, 42), 483.831398992	
(12, 6), 518.831164854	
(13, 30), 514.067911897	
(13, 41), 513.609811774	
(13, 7), 520.873321976	
(14, 40), 505.23842613	
(14, 8), 515.354639261	
(15, 9), 509.12709971	
(2, 9), 505.965359928	
(20, 12), 498.806570661	
(20, 23), 503.395616966	
(20, 3), 515.539471942	
(20, 34), 514.811615701	
(20, 45), 494.737058653	
(21, 11), 513.268281183	
(21, 22), 505.479811452	
(21, 33), 509.420978479	
(21, 4), 495.839467776	
(21, 44), 500.662222064	
(22, 10), 489.008833108	
(22, 21), 486.789211883	
(22, 32), 502.834128181	
(22, 43), 511.42418957	
(22, 5), 511.436628246	
(23, 20), 504.52212962	
(23, 31), 509.723202115	
(23, 42), 487.854311322	
(23, 6), 512.224901124	
(24, 30), 493.397720283	
(24, 41), 495.254594777	
(24, 7), 502.273325362	
(25, 40), 506.010172772	
(25, 8), 515.198238015	
(26, 9), 499.476906115	
(30, 13), 511.657730721	
(30, 2), 517.58319249	
(30, 24), 518.815548339	
(30, 35), 516.938080253	
(30, 46), 528.714512691	
(31, 12), 500.92220345	
(31, 23), 503.973073808	
(31, 3), 524.969032779	
(31, 34), 519.625414569	
(31, 45), 507.301012632	
(32, 11), 501.353055232	
(32, 22), 491.615097123	
(32, 33), 493.673288368	
(32, 4), 476.985131199	
(32, 44), 487.182635156	
(33, 10), 487.777988927	
(33, 21), 494.935811808	
(33, 32), 494.719113175	
(33, 43), 515.902366309	
(33, 5), 513.390407671	
(34, 20), 502.234765422	
(34, 31), 504.876773843	
(34, 42), 474.260243071	
(34, 6), 501.898854582	
(35, 30), 492.49037786	
(35, 41), 491.320971686	
(35, 7), 506.50400402	
(36, 40), 493.623857557	
(36, 8), 502.219885929	
(37, 9), 504.252389526	
(40, 1), 511.722656753	
(40, 14), 507.300410373	
(40, 25), 504.755423265	
(40, 36), 500.36877	
(40, 47), 523.763269026	
(41, 13), 488.77154374	
(41, 2), 492.59827812	
(41, 24), 502.504942411	
(41, 35), 496.965391907	
(41, 46), 505.939533044	
(42, 12), 488.173408578	
(42, 23), 494.603094132	
(42, 3), 511.175660749	
(42, 34), 502.951636639	
(42, 45), 487.17303877	
(43, 11), 518.286057285	
(43, 22), 513.285285889	
(43, 33), 517.189391085	
(43, 4), 503.224130811	
(43, 44), 508.261993382	
(44, 10), 487.999982914	
(44, 21), 488.800174656	
(44, 32), 486.686700537	
(44, 43), 505.822435948	
(44, 5), 505.026929714	
(45, 20), 513.895488432	
(45, 31), 519.228669646	
(45, 42), 498.396012328	
(45, 6), 524.415429552	
(46, 30), 501.972895242	
(46, 41), 495.231484091	
(46, 7), 510.603355033	
(47, 40), 496.762960981	
(47, 8), 499.64691223	
(48, 9), 496.135532492	
(0, 40), 516.769369768	
(0, 6), 521.827554425	
(1, 7), 520.868100144	
(10, 10), 483.33464399	
(10, 21), 489.192263165	
(10, 3), 506.039893739	
(10, 32), 483.914101439	
(10, 43), 509.057136349	
(11, 20), 520.202174314	
(11, 31), 522.181135748	
(11, 4), 515.668566684	
(11, 42), 491.50231938	
(12, 30), 499.571751434	
(12, 41), 495.90672685	
(12, 5), 514.589497408	
(13, 40), 509.274635959	
(13, 6), 528.278244962	
(14, 7), 513.481797325	
(15, 8), 513.575241871	
(16, 9), 497.846153009	
(2, 8), 512.783265622	
(20, 11), 517.144601198	
(20, 2), 505.862299707	
(20, 22), 506.039303268	
(20, 33), 512.903862393	
(20, 44), 508.196800527	
(21, 10), 486.062599533	
(21, 21), 490.009226915	
(21, 3), 508.587919273	
(21, 32), 486.326094112	
(21, 43), 510.083357414	
(22, 20), 508.588368176	
(22, 31), 508.556187334	
(22, 4), 498.924031857	
(22, 42), 481.725020286	
(23, 30), 503.379804335	
(23, 41), 499.886549559	
(23, 5), 507.490717787	
(24, 40), 498.585513965	
(24, 6), 505.917419119	
(25, 7), 516.008142886	
(26, 8), 502.929989206	
(27, 9), 493.924221084	
(3, 9), 496.725862562	
(30, 1), 513.910617638	
(30, 12), 509.735448528	
(30, 23), 516.546728427	
(30, 34), 529.318653218	
(30, 45), 521.007192636	
(31, 11), 511.413251924	
(31, 2), 511.264267501	
(31, 22), 514.849230763	
(31, 33), 523.867761551	
(31, 44), 512.134623132	
(32, 10), 473.382575715	
(32, 21), 482.688174365	
(32, 3), 504.23042728	
(32, 32), 480.943490939	
(32, 43), 492.618213577	
(33, 20), 503.855782361	
(33, 31), 510.837236093	
(33, 4), 500.985570959	
(33, 42), 487.846590207	
(34, 30), 494.35348403	
(34, 41), 489.123671735	
(34, 5), 498.192715783	
(35, 40), 495.213257033	
(35, 6), 502.408772059	
(36, 7), 502.950124755	
(37, 8), 507.191714595	
(38, 9), 510.782942748	
(40, 0), 510.444365494	
(40, 13), 504.978851104	
(40, 24), 518.35996181	
(40, 35), 505.069092616	
(40, 46), 519.762761383	
(41, 1), 489.198318636	
(41, 12), 486.305578263	
(41, 23), 491.204499477	
(41, 34), 499.50202503	
(41, 45), 488.408468958	
(42, 11), 510.753560599	
(42, 2), 506.03576322	
(42, 22), 501.076061439	
(42, 33), 501.823963093	
(42, 44), 494.683149065	
(43, 10), 501.421644536	
(43, 21), 498.486391189	
(43, 3), 521.065682835	
(43, 32), 512.899830186	
(43, 43), 516.280388145	
(44, 20), 500.420264388	
(44, 31), 499.520165267	
(44, 4), 499.1023043	
(44, 42), 477.902017455	
(45, 30), 509.260366185	
(45, 41), 506.49359837	
(45, 5), 517.327226396	
(46, 40), 496.022537584	
(46, 6), 506.241448315	
(47, 7), 502.408699469	
(48, 8), 506.117827956	
(49, 9), 497.425309964	
(0, 5), 516.424430699	
(1, 6), 526.58750508	
(10, 2), 496.009411174	
(10, 20), 488.704443137	
(10, 31), 507.325183435	
(10, 42), 475.614974405	
(11, 3), 523.449213379	
(11, 30), 508.54013081	
(11, 41), 513.13564497	
(12, 4), 497.737318879	
(12, 40), 506.989391024	
(13, 5), 526.664418773	
(14, 6), 525.768156764	
(15, 7), 525.528021862	
(16, 8), 502.186756243	
(17, 9), 502.812252093	
(2, 7), 524.272941894	
(20, 1), 500.876758775	
(20, 10), 491.199911132	
(20, 21), 490.150097272	
(20, 32), 502.694522271	
(20, 43), 519.281688452	
(21, 2), 494.599732444	
(21, 20), 503.625771135	
(21, 31), 506.951341705	
(21, 42), 477.649510977	
(22, 3), 517.454590239	
(22, 30), 501.681928358	
(22, 41), 497.427481201	
(23, 4), 504.130745642	
(23, 40), 502.988954034	
(24, 5), 503.244458423	
(25, 6), 512.369583743	
(26, 7), 510.048833698	
(27, 8), 494.169826486	
(28, 9), 509.046568831	
(3, 8), 494.650752909	
(30, 0), 513.544992707	
(30, 11), 531.656544683	
(30, 22), 522.345763682	
(30, 33), 528.577179199	
(30, 44), 515.133473575	
(31, 1), 504.423147473	
(31, 10), 499.036672105	
(31, 21), 501.907108798	
(31, 32), 500.146876259	
(31, 43), 513.285066987	
(32, 2), 487.105458411	
(32, 20), 485.011650642	
(32, 31), 495.590365076	
(32, 42), 479.338914938	
(33, 3), 513.779438936	
(33, 30), 497.900980321	
(33, 41), 501.775677651	
(34, 4), 493.66732634	
(34, 40), 494.823885757	
(35, 5), 501.873008029	
(36, 6), 502.91936358	
(37, 7), 517.945520124	
(38, 8), 522.487076458	
(39, 9), 495.912477221	
(4, 9), 505.900438627	
(40, 12), 505.29248163	
(40, 23), 505.126979547	
(40, 34), 512.376574607	
(40, 45), 498.927570587	
(41, 0), 484.016101308	
(41, 11), 499.120649281	
(41, 22), 493.112219876	
(41, 33), 500.413502748	
(41, 44), 490.321043068	
(42, 1), 484.832858162	
(42, 10), 478.890432978	
(42, 21), 491.790388557	
(42, 32), 485.545914368	
(42, 43), 512.358235103	
(43, 2), 509.19715872	
(43, 20), 515.371957008	
(43, 31), 514.752128454	
(43, 42), 490.493524945	
(44, 3), 505.292646089	
(44, 30), 495.759666686	
(44, 41), 488.899914069	
(45, 4), 505.681632053	
(45, 40), 516.58730633	
(46, 5), 510.703233397	
(47, 6), 501.721571321	
(48, 7), 511.413457356	
(49, 8), 500.93505397	
(0, 4), 507.312474561	
(1, 5), 525.539618871	
(10, 1), 493.301624278	
(10, 30), 501.405376083	
(10, 41), 491.825660786	
(11, 2), 516.606706494	
(11, 40), 507.315131197	
(12, 3), 516.117872272	
(13, 4), 515.286542669	
(14, 5), 519.262798324	
(15, 6), 526.374081702	
(16, 7), 504.305125991	
(17, 8), 501.547942502	
(18, 9), 494.472384166	
(2, 6), 522.715822242	
(20, 0), 492.279711213	
(20, 20), 508.041041434	
(20, 31), 514.2049179	
(20, 42), 487.786602851	
(21, 1), 489.998004051	
(21, 30), 496.691102817	
(21, 41), 494.181927289	
(22, 2), 499.230853463	
(22, 40), 499.28125308	
(23, 3), 513.732363145	
(24, 4), 490.155021556	
(25, 5), 510.182211565	
(26, 6), 510.732657602	
(27, 7), 503.739848676	
(28, 8), 514.995152021	
(29, 9), 500.927896126	
(3, 7), 503.461883793	
(30, 10), 507.307878474	
(30, 21), 512.86796333	
(30, 32), 510.421894633	
(30, 43), 526.658189605	
(31, 0), 502.438121354	
(31, 20), 506.367457491	
(31, 31), 519.156110079	
(31, 42), 489.363416584	
(32, 1), 476.788059057	
(32, 30), 484.901223526	
(32, 41), 483.831552739	
(33, 2), 504.337489495	
(33, 40), 505.158425465	
(34, 3), 502.531821738	
(35, 4), 498.861547434	
(36, 5), 507.69330208	
(37, 6), 516.932707433	
(38, 7), 524.540475415	
(39, 8), 503.957439053	
(4, 8), 510.576425778	
(40, 11), 522.901255966	
(40, 22), 511.601657884	
(40, 33), 518.224045718	
(40, 44), 508.162249582	
(41, 10), 485.429186266	
(41, 21), 483.127440105	
(41, 32), 491.55745286	
(41, 43), 497.499687481	
(42, 0), 491.569517682	
(42, 20), 498.910054434	
(42, 31), 507.416000438	
(42, 42), 479.830010186	
(43, 1), 503.392183401	
(43, 30), 509.938198866	
(43, 41), 497.994314203	
(44, 2), 493.195550828	
(44, 40), 499.15187013	
(45, 3), 516.444883471	
(46, 4), 492.027144142	
(47, 5), 500.947498102	
(48, 6), 509.110303731	
(49, 7), 505.543098206	
(5, 9), 497.105811276	
(0, 3), 529.837397515	
(1, 4), 509.20749335	
(10, 0), 485.514796183	
(10, 40), 489.653686424	
(11, 1), 508.741878731	
(12, 2), 498.048838152	
(13, 3), 526.506614697	
(14, 4), 509.749723355	
(15, 5), 516.04005235	
(16, 6), 500.196378983	
(17, 7), 503.383991266	
(18, 8), 504.053208584	
(19, 9), 497.908139275	
(2, 5), 518.452919591	
(20, 30), 505.001933645	
(20, 41), 493.472826832	
(21, 0), 490.824705226	
(21, 40), 497.669375136	
(22, 1), 491.943794991	
(23, 2), 506.437081488	
(24, 3), 502.269048067	
(25, 4), 491.01120149	
(26, 5), 507.770657096	
(27, 6), 510.325241133	
(28, 7), 521.884232334	
(29, 8), 507.4263717	
(3, 6), 502.706584323	
(30, 20), 521.92667528	
(30, 31), 522.302446055	
(30, 42), 502.202393799	
(31, 30), 511.338415855	
(31, 41), 501.96171899	
(32, 0), 479.035901195	
(32, 40), 488.465604634	
(33, 1), 493.813367859	
(34, 2), 494.580127603	
(35, 3), 500.423762324	
(36, 4), 488.646917149	
(37, 5), 514.870370869	
(38, 6), 525.277857109	
(39, 7), 503.245370616	
(4, 7), 508.351985403	
(40, 10), 495.459890095	
(40, 21), 505.46960391	
(40, 32), 502.609796036	
(40, 43), 517.665020388	
(41, 20), 496.435245733	
(41, 31), 495.404573918	
(41, 42), 474.028054625	
(42, 30), 502.99681297	
(42, 41), 488.098438709	
(43, 0), 506.030029113	
(43, 40), 511.270537588	
(44, 1), 495.306664895	
(45, 2), 509.627758512	
(46, 3), 504.200564652	
(47, 4), 495.951303544	
(48, 5), 510.427309743	
(49, 6), 506.707413071	
(5, 8), 500.826916224	
(6, 9), 500.752163957	
(0, 2), 511.30571749	
(1, 3), 526.721623732	
(11, 0), 508.938342815	
(12, 1), 502.080313867	
(13, 2), 519.146069007	
(14, 3), 521.931499174	
(15, 4), 511.223700548	
(16, 5), 501.412972224	
(17, 6), 508.551223948	
(18, 7), 505.606072018	
(19, 8), 505.472145042	
(2, 4), 501.258290372	
(20, 40), 508.523087138	
(22, 0), 493.443414236	
(23, 1), 495.181406236	
(24, 2), 492.687032414	
(25, 3), 503.743147402	
(26, 4), 494.350452355	
(27, 5), 505.024527636	
(28, 6), 516.042279458	
(29, 7), 506.772014936	
(3, 5), 508.286678532	
(30, 30), 525.295384252	
(30, 41), 522.999909398	
(31, 40), 504.021993769	
(33, 0), 504.84174617	
(34, 1), 494.347547114	
(35, 2), 499.598105648	
(36, 3), 506.950037325	
(37, 4), 508.147109267	
(38, 5), 520.095538118	
(39, 6), 501.119661859	
(4, 6), 516.062208935	
(40, 20), 508.775751501	
(40, 31), 517.945686313	
(40, 42), 491.343085331	
(41, 30), 493.991298697	
(41, 41), 486.942378097	
(42, 40), 494.526448847	
(44, 0), 496.088932911	
(45, 1), 501.588655581	
(46, 2), 498.279029227	
(47, 3), 506.358324775	
(48, 4), 492.650657865	
(49, 5), 513.942979974	
(5, 7), 501.613748196	
(6, 8), 503.189143532	
(7, 9), 496.985109151	
(0, 1), 512.95391579	
(1, 2), 516.444060166	
(12, 0), 492.818200215	
(13, 1), 508.084462536	
(14, 2), 512.116988053	
(15, 3), 525.106179283	
(16, 4), 493.374730786	
(17, 5), 503.690647159	
(18, 6), 505.509822656	
(19, 7), 514.780857247	
(2, 3), 520.983561832	
(23, 0), 500.543491931	
(24, 1), 480.538417222	
(25, 2), 498.325204627	
(26, 3), 516.428635415	
(27, 4), 494.857097321	
(28, 5), 521.131771436	
(29, 6), 515.347916596	
(3, 4), 499.648346033	
(30, 40), 521.550241858	
(34, 0), 499.21074048	
(35, 1), 493.185009207	
(36, 2), 499.399859131	
(37, 3), 517.054314539	
(38, 4), 504.473006181	
(39, 5), 502.125607712	
(4, 5), 510.956289415	
(40, 30), 509.085494691	
(40, 41), 508.784512014	
(41, 40), 494.208003304	
(45, 0), 507.35211016	
(46, 1), 497.858931921	
(47, 2), 497.345825491	
(48, 3), 511.237368805	
(49, 4), 498.401518881	
(5, 6), 501.439419902	
(6, 7), 509.750414015	
(7, 8), 507.437617892	
(8, 9), 506.809480853	
(0, 0), 506.788931179	
(1, 1), 509.772406465	
(13, 0), 515.134013881	
(14, 1), 503.627778859	
(15, 2), 504.498910029	
(16, 3), 503.396916708	
(17, 4), 494.454821245	
(18, 5), 507.831752292	
(19, 6), 511.809175727	
(2, 2), 509.096609407	
(24, 0), 493.601626005	
(25, 1), 493.151419489	
(26, 2), 505.369373162	
(27, 3), 504.541639895	
(28, 4), 509.927644115	
(29, 5), 507.700567093	
(3, 3), 502.199919396	
(35, 0), 492.072698717	
(36, 1), 493.595671815	
(37, 2), 502.973983328	
(38, 3), 515.037494336	
(39, 4), 493.119647081	
(4, 4), 496.574081399	
(40, 40), 510.72452322	
(46, 0), 498.830033508	
(47, 1), 487.317178616	
(48, 2), 495.010521666	
(49, 3), 507.821880102	
(5, 5), 506.550605227	
(6, 6), 506.154677969	
(7, 7), 503.664356708	
(8, 8), 506.122101596	
(9, 9), 490.76555884	
(1, 0), 512.623475918	
(14, 0), 508.278847604	
(15, 1), 505.291982342	
(16, 2), 499.279965867	
(17, 3), 517.475848101	
(18, 4), 493.051981485	
(19, 5), 499.521825529	
(2, 1), 503.810249085	
(25, 0), 501.362508861	
(26, 1), 503.237140927	
(27, 2), 498.083565637	
(28, 3), 513.963424745	
(29, 4), 495.431660894	
(3, 2), 488.472012446	
(36, 0), 490.751606765	
(37, 1), 496.331114812	
(38, 2), 511.007623869	
(39, 3), 499.588168817	
(4, 3), 517.467145996	
(47, 0), 494.35156447	
(48, 1), 495.333239215	
(49, 2), 495.53802183	
(5, 4), 504.824042939	
(6, 5), 511.597798446	
(7, 6), 502.832384201	
(8, 7), 513.936150948	
(9, 8), 505.183340075	
(15, 0), 500.9300336	
(16, 1), 487.136750749	
(17, 2), 499.123733094	
(18, 3), 498.049961708	
(19, 4), 491.483656617	
(2, 0), 504.852536342	
(26, 0), 501.621590591	
(27, 1), 492.609901618	
(28, 2), 502.527749008	
(29, 3), 509.574773292	
(3, 1), 486.864637323	
(37, 0), 503.353788599	
(38, 1), 507.077946465	
(39, 2), 496.73707231	
(4, 2), 510.623871649	
(48, 0), 492.344685817	
(49, 1), 487.803960731	
(5, 3), 506.571503813	
(6, 4), 501.166977882	
(7, 5), 507.193804723	
(8, 6), 516.038417136	
(9, 7), 495.790088405	
(16, 0), 495.834868763	
(17, 1), 496.056490749	
(18, 2), 490.51221428	
(19, 3), 505.901514504	
(27, 0), 490.156896426	
(28, 1), 500.295360933	
(29, 2), 491.43578476	
(3, 0), 483.950996412	
(38, 0), 512.195830819	
(39, 1), 489.444572332	
(4, 1), 501.440357858	
(49, 0), 484.371596463	
(5, 2), 495.814533915	
(6, 3), 512.025326592	
(7, 4), 500.103317529	
(8, 5), 511.09308755	
(9, 6), 498.156767441	
(17, 0), 488.333534812	
(18, 1), 494.508133606	
(19, 2), 499.294659182	
(28, 0), 504.628330191	
(29, 1), 503.553778916	
(39, 0), 492.43932471	
(4, 0), 504.506048945	
(5, 1), 484.82404254	
(6, 2), 499.302860519	
(7, 3), 508.248066402	
(8, 4), 497.991377539	
(9, 5), 498.101929197	
(18, 0), 488.736107007	
(19, 1), 495.56753604	
(29, 0), 493.178028394	
(5, 0), 491.061160875	
(6, 1), 494.390472418	
(7, 2), 499.670243821	
(8, 3), 518.443769156	
(9, 19), 492.312598365	
(9, 4), 481.584818266	
(19, 0), 497.880375231	
(6, 0), 489.739668219	
(7, 1), 493.998612123	
(8, 19), 505.18141837	
(8, 2), 504.040019051	
(9, 18), 494.679006582	
(9, 29), 492.426621299	
(9, 3), 498.85840064	
(7, 0), 494.222495524	
(7, 19), 500.60127125	
(8, 1), 500.673906976	
(8, 18), 508.10018205	
(8, 29), 502.169819747	
(9, 17), 485.409207883	
(9, 2), 492.824165788	
(9, 28), 489.092950082	
(9, 39), 486.946036615	
(19, 19), 500.571629461	
(6, 19), 496.216304171	
(7, 18), 497.391813122	
(7, 29), 498.289360261	
(8, 0), 496.932444235	
(8, 17), 499.67967032	
(8, 28), 505.087815778	
(8, 39), 505.560326864	
(9, 1), 489.261199866	
(9, 16), 491.847758174	
(9, 27), 500.750669676	
(9, 38), 497.332134134	
(9, 49), 483.693932276	
(18, 19), 495.343674325	
(19, 18), 501.671949341	
(19, 29), 506.049503926	
(29, 19), 494.419157489	
(5, 19), 494.736538715	
(6, 18), 502.024008499	
(6, 29), 497.321911901	
(7, 17), 492.0293045	
(7, 28), 497.890861274	
(7, 39), 493.037955558	
(8, 16), 501.819568565	
(8, 27), 507.314976312	
(8, 38), 508.113469031	
(8, 49), 487.147492967	
(9, 0), 488.580041497	
(9, 15), 489.723464029	
(9, 26), 486.726380234	
(9, 37), 472.464217746	
(9, 48), 481.235461567	
