24	70.25, 218.17
25	1.50, 0.57
26	0.12, 2.91
27	15.12, 16.04
20	1308.75, 2236.52
21	1202.00, 5149.96
23	28.75, 37.70
28	0.00, 0.04
29	0.00, 0.13
4	6.25, 1.57
8	4.38, 9.30
59	1.00, 0.96
58	0.12, 0.13
55	0.62, 1.35
54	0.00, 0.04
56	3.12, 6.09
51	96.00, 237.83
50	228.75, 326.13
53	47.12, 113.74
52	2.50, 4.13
88	0.12, 0.57
89	0.88, 13.65
82	32.62, 136.61
83	22.88, 23.91
80	15.62, 19.52
81	0.00, 0.35
86	0.00, 0.26
84	58.62, 263.91
85	69.62, 73.52
3	1.12, 3.61
7	1359.75, 1161.13
39	14.12, 29.70
38	2257.88, 4103.17
32	0.38, 1.04
31	263.75, 569.78
30	1.75, 1.43
37	1021.12, 2672.35
36	0.00, 6122.43
35	0.62, 13.43
34	0.12, 0.00
60	13.50, 17.39
61	19.00, 38.43
62	16.62, 16.43
63	0.88, 1.30
64	35.62, 36.00
65	0.88, 0.65
66	52.62, 85.61
67	105.00, 114.70
68	21.12, 51.26
69	94.88, 940.43
2	0.12, 0.17
6	0.88, 0.70
99	12.25, 10.22
98	127.62, 125.96
91	4.62, 7.04
90	0.38, 0.13
92	0.38, 0.04
95	0.50, 0.52
94	0.50, 4.74
97	0.88, 0.13
96	0.25, 0.26
11	10.25, 11.09
10	43.62, 155.70
13	69.12, 74.39
12	0.00, 0.04
15	0.00, 0.13
14	1516.00, 3070.83
17	218.25, 268.74
16	230.88, 744.43
19	607.38, 970.04
18	8.25, 57.22
48	54.88, 259.13
49	0.88, 4.91
46	672.62, 2217.70
47	97.75, 455.74
44	0.00, 0.04
45	13.00, 108.78
42	23.88, 362.91
43	0.00, 1.91
40	1303.12, 1500.57
41	6.88, 15.04
1	3.25, 5.78
5	0.00, 475.70
9	2.00, 31.17
77	31.38, 59.52
76	0.12, 0.13
75	15.75, 26.09
74	232.38, 352.04
73	7.75, 19.43
72	41.75, 83.43
71	961.75, 1368.74
70	522.00, 786.35
79	9.38, 7.26
78	108.12, 190.09
